# JRE version: Java(TM) SE Runtime Environment (17.0.11+7) (build 17.0.11+7-LTS-207)
# Java VM: Java HotSpot(TM) 64-Bit Server VM (17.0.11+7-LTS-207, mixed mode, sharing, tiered, compressed oops, compressed class ptrs, g1 gc, linux-amd64)
GC Precious Log:
 CPUs: 4 total, 4 available
 Memory: 7946M
 Large Page Support: Disabled
 NUMA Support: Disabled
 Compressed Oops: Enabled (32-bit)
 Heap Region Size: 1M
 Heap Min Capacity: 8M
 Heap Initial Capacity: 64M
 Heap Max Capacity: 64M
 Pre-touch: Disabled
 Parallel Workers: 4
 Concurrent Workers: 1
 Concurrent Refinement Workers: 4
 Periodic GC: Disabled
Heap:
 garbage-first heap   total 65536K, used 16633K [0x00000000fc000000, 0x0000000100000000)
  region size 1024K, 13 young (13312K), 2 survivors (2048K)
 Metaspace       used 13395K, committed 13568K, reserved 1114112K
  class space    used 1599K, committed 1664K, reserved 1048576K
GC Heap History (8 events):
Event: 1.299 GC heap before
{Heap before GC invocations=0 (full 0):
 garbage-first heap   total 65536K, used 15340K [0x00000000fc000000, 0x0000000100000000)
  region size 1024K, 13 young (13312K), 0 survivors (0K)
 Metaspace       used 5149K, committed 5312K, reserved 1114112K
  class space    used 631K, committed 704K, reserved 1048576K
}
Event: 1.310 GC heap after
{Heap after GC invocations=1 (full 0):
 garbage-first heap   total 65536K, used 3952K [0x00000000fc000000, 0x0000000100000000)
  region size 1024K, 2 young (2048K), 2 survivors (2048K)
 Metaspace       used 5149K, committed 5312K, reserved 1114112K
  class space    used 631K, committed 704K, reserved 1048576K
}
Event: 199.635 GC heap before
{Heap before GC invocations=1 (full 0):
 garbage-first heap   total 65536K, used 23408K [0x00000000fc000000, 0x0000000100000000)
  region size 1024K, 21 young (21504K), 2 survivors (2048K)
 Metaspace       used 11120K, committed 11328K, reserved 1114112K
  class space    used 1353K, committed 1472K, reserved 1048576K
}
Event: 199.653 GC heap after
{Heap after GC invocations=2 (full 0):
 garbage-first heap   total 65536K, used 6196K [0x00000000fc000000, 0x0000000100000000)
  region size 1024K, 3 young (3072K), 3 survivors (3072K)
 Metaspace       used 11120K, committed 11328K, reserved 1114112K
  class space    used 1353K, committed 1472K, reserved 1048576K
}
Event: 5664.380 GC heap before
{Heap before GC invocations=2 (full 0):
 garbage-first heap   total 65536K, used 29748K [0x00000000fc000000, 0x0000000100000000)
  region size 1024K, 27 young (27648K), 3 survivors (3072K)
 Metaspace       used 13380K, committed 13568K, reserved 1114112K
  class space    used 1599K, committed 1664K, reserved 1048576K
}
Event: 5664.385 GC heap after
{Heap after GC invocations=3 (full 0):
 garbage-first heap   total 65536K, used 7349K [0x00000000fc000000, 0x0000000100000000)
  region size 1024K, 2 young (2048K), 2 survivors (2048K)
 Metaspace       used 13380K, committed 13568K, reserved 1114112K
  class space    used 1599K, committed 1664K, reserved 1048576K
}
Event: 19743.453 GC heap before
{Heap before GC invocations=3 (full 0):
 garbage-first heap   total 65536K, used 44213K [0x00000000fc000000, 0x0000000100000000)
  region size 1024K, 38 young (38912K), 2 survivors (2048K)
 Metaspace       used 13382K, committed 13568K, reserved 1114112K
  class space    used 1599K, committed 1664K, reserved 1048576K
}
Event: 19743.519 GC heap after
{Heap after GC invocations=4 (full 0):
 garbage-first heap   total 65536K, used 7417K [0x00000000fc000000, 0x0000000100000000)
  region size 1024K, 2 young (2048K), 2 survivors (2048K)
 Metaspace       used 13382K, committed 13568K, reserved 1114112K
  class space    used 1599K, committed 1664K, reserved 1048576K
}

